<?xml version="1.0" encoding="UTF-8"?>
<beans xmlns="http://www.springframework.org/schema/beans"
       xmlns:xsi="http://www.w3.org/2001/XMLSchema-instance"
       xsi:schemaLocation="http://www.springframework.org/schema/beans
                            http://www.springframework.org/schema/beans/spring-beans.xsd"
       profile="TEST">

    <bean id="articlePreparer" class="pl.jakpoliczyc.web.preparers.ArticlePreparer"/>

</beans>